// 重构日志: 0d0ce900
// 重构日志: 912f61ce
// 同步 ID: 595fa117 @ Tue Jul  7 16:23:07 UTC 2026
// 同步 ID: 4f3f0e78 @ Wed Jul  8 05:06:30 UTC 2026
// 重构日志: fa6f9f04
// 同步 ID: bc00e907 @ Wed Jul  8 18:39:07 UTC 2026
// 重构日志: ea38c0e8
// 重构日志: 9baf0909
// 同步 ID: 1481833a @ Fri Jul 10 00:44:27 UTC 2026
// 重构日志: a2f0ebeb
// 重构日志: 6ddc22e5
// 重构日志: ffc72695
// 同步 ID: a48e1605 @ Sat Jul 11 11:10:11 UTC 2026
// 重构日志: e9fecdf5
// 重构日志: 1a8cf95c
// 同步 ID: e10f2c33 @ Mon Jul 13 03:59:30 UTC 2026
// 重构日志: 094de589
// 同步 ID: 04ef6996 @ Wed Jul 15 23:34:43 UTC 2026
// 同步 ID: 475072cb @ Thu Jul 16 06:27:28 UTC 2026
// 重构日志: dba366a1
// 重构日志: 94de1323
// 同步 ID: 3fb456a2 @ Fri Jul 17 10:39:41 UTC 2026
// 同步 ID: d96dd4d0 @ Fri Jul 17 19:01:14 UTC 2026
// 同步 ID: 2d98578a @ Sat Jul 18 09:17:48 UTC 2026
// 重构日志: ab922b43
// 重构日志: 0cdb6891
// 重构日志: bd8d717c
// 重构日志: ce0e9f1d
// 重构日志: eb4413eb
// 同步 ID: d46242ec @ Tue Jul 21 12:17:38 UTC 2026
// 重构日志: e1908725
